[TRACE] 2023-11-17 14:40:03.555 [main] ClientDriver - Client application execution
[TRACE] 2023-11-17 14:41:35.066 [main] ClientDriver - Client application execution
[TRACE] 2023-11-17 14:42:15.773 [main] ClientDriver - Client application execution
[TRACE] 2023-11-17 14:46:16.885 [main] ClientDriver - Client application execution
[TRACE] 2023-11-17 14:48:31.423 [main] ClientDriver - Client application started
[TRACE] 2023-11-17 14:49:10.068 [main] ClientDriver - Client application started
[TRACE] 2023-11-17 14:52:52.442 [main] ClientDriver - Client application started
[TRACE] 2023-11-17 14:53:28.760 [main] ClientDriver - Client application started
[TRACE] 2023-11-17 14:59:03.241 [main] ClientDriver - Client application started
[TRACE] 2023-11-17 15:13:53.952 [main] ClientDriver - Client application started
[INFO ] 2023-11-17 15:14:18.969 [AWT-EventQueue-0] DbConn - Successfully connected to Database.
[TRACE] 2023-11-17 15:22:55.419 [main] ClientDriver - Client application started
[TRACE] 2023-11-17 15:23:19.438 [main] ClientDriver - Client application started
[INFO ] 2023-11-17 15:24:16.167 [AWT-EventQueue-0] DbConn - Successfully connected to Database.
[TRACE] 2023-11-17 15:47:12.519 [main] ClientDriver - Client application started
[TRACE] 2023-11-17 15:47:42.175 [main] ClientDriver - Client application started
[TRACE] 2023-11-17 15:50:48.255 [main] ClientDriver - Client application started
[TRACE] 2023-11-17 15:51:08.721 [main] ClientDriver - Client application started
[INFO ] 2023-11-17 15:52:44.296 [AWT-EventQueue-0] DbConn - Successfully connected to Database.
[INFO ] 2023-11-17 15:53:07.170 [AWT-EventQueue-0] DbConn - Successfully connected to Database.
[TRACE] 2023-11-17 16:06:04.768 [main] ClientDriver - Client application started
[TRACE] 2023-11-17 16:08:13.412 [main] ClientDriver - Client application started
[TRACE] 2023-11-17 16:09:50.665 [main] ClientDriver - Client application started
[TRACE] 2023-11-17 16:20:17.340 [main] ClientDriver - Client application started
[TRACE] 2023-11-17 16:25:40.071 [main] ClientDriver - Client application started
[TRACE] 2023-11-17 16:29:35.636 [main] ClientDriver - Client application started
[INFO ] 2023-11-17 16:29:57.992 [AWT-EventQueue-0] DbConn - Successfully connected to Database.
[TRACE] 2023-11-17 16:30:26.407 [main] ClientDriver - Client application started
[INFO ] 2023-11-17 16:30:41.981 [AWT-EventQueue-0] DbConn - Successfully connected to Database.
[INFO ] 2023-11-17 16:36:09.399 [main] DbConn - Successfully connected to Database.
[INFO ] 2023-11-17 16:36:40.193 [main] DbConn - Successfully connected to Database.
[INFO ] 2023-11-17 16:37:09.653 [AWT-EventQueue-0] DbConn - Successfully connected to Database.
[INFO ] 2023-11-17 16:38:20.204 [AWT-EventQueue-0] DbConn - Successfully connected to Database.
[INFO ] 2023-11-17 16:44:26.018 [AWT-EventQueue-0] DbConn - Successfully connected to Database.
[INFO ] 2023-11-17 16:47:49.358 [AWT-EventQueue-0] DbConn - Successfully connected to Database.
[TRACE] 2023-11-17 18:23:23.210 [main] ClientDriver - Client application started
[TRACE] 2023-11-17 18:24:07.176 [main] ClientDriver - Client application started
[INFO ] 2023-11-17 18:24:08.554 [main] Client - Client server connection created.
[ERROR] 2023-11-17 18:26:49.763 [main] Client - An error occured: Connection refused: connect
[INFO ] 2023-11-17 18:27:06.467 [main] Client - Client server connection created.
[ERROR] 2023-11-17 18:27:18.754 [main] Client - An error occured: Connection reset
[INFO ] 2023-11-17 18:41:54.711 [main] Client - Client server connection created.
[INFO ] 2023-11-17 18:41:55.890 [main] Client - Customer Record added successfully
[INFO ] 2023-11-17 19:02:56.690 [main] DbConn - Successfully connected to Database.
[INFO ] 2023-11-17 19:07:36.500 [main] DbConn - Successfully connected to Database.
[TRACE] 2023-11-17 19:20:28.631 [main] ClientDriver - Client application started
[INFO ] 2023-11-17 19:20:42.728 [AWT-EventQueue-0] DbConn - Successfully connected to Database.
[TRACE] 2023-11-17 19:24:33.627 [main] ClientDriver - Client application started
[INFO ] 2023-11-17 19:24:52.669 [AWT-EventQueue-0] DbConn - Successfully connected to Database.
[TRACE] 2023-11-17 19:30:51.604 [main] ClientDriver - Client application started
[INFO ] 2023-11-17 19:31:33.493 [AWT-EventQueue-0] DbConn - Successfully connected to Database.
[TRACE] 2023-11-17 19:35:42.815 [main] ClientDriver - Client application started
[INFO ] 2023-11-17 19:35:59.497 [AWT-EventQueue-0] DbConn - Successfully connected to Database.
[TRACE] 2023-11-17 19:44:42.936 [main] ClientDriver - Client application started
[INFO ] 2023-11-17 19:45:02.058 [AWT-EventQueue-0] DbConn - Successfully connected to Database.
[INFO ] 2023-11-17 19:47:59.594 [main] DbConn - Successfully connected to Database.
[INFO ] 2023-11-17 19:50:35.633 [main] DbConn - Successfully connected to Database.
[INFO ] 2023-11-17 19:51:19.589 [main] DbConn - Successfully connected to Database.
[INFO ] 2023-11-17 19:52:11.529 [main] DbConn - Successfully connected to Database.
[INFO ] 2023-11-17 19:52:35.769 [main] DbConn - Successfully connected to Database.
[INFO ] 2023-11-17 19:52:55.200 [main] DbConn - Successfully connected to Database.
[INFO ] 2023-11-17 19:53:16.629 [main] DbConn - Successfully connected to Database.
[INFO ] 2023-11-17 19:53:39.266 [main] DbConn - Successfully connected to Database.
[INFO ] 2023-11-17 19:53:58.182 [main] DbConn - Successfully connected to Database.
[INFO ] 2023-11-17 19:54:24.595 [main] DbConn - Successfully connected to Database.
[INFO ] 2023-11-17 20:04:41.779 [main] DbConn - Successfully connected to Database.
[INFO ] 2023-11-17 20:04:59.106 [main] DbConn - Successfully connected to Database.
[INFO ] 2023-11-17 20:05:11.863 [main] DbConn - Successfully connected to Database.
[INFO ] 2023-11-17 20:35:43.386 [main] DbConn - Successfully connected to Database.
[INFO ] 2023-11-17 20:36:05.008 [main] DbConn - Successfully connected to Database.
[INFO ] 2023-11-17 20:37:22.514 [main] DbConn - Successfully connected to Database.
[INFO ] 2023-11-17 20:37:55.687 [main] DbConn - Successfully connected to Database.
[INFO ] 2023-11-17 20:39:19.259 [main] DbConn - Successfully connected to Database.
[INFO ] 2023-11-17 20:43:33.812 [main] DbConn - Successfully connected to Database.
[INFO ] 2023-11-17 20:46:31.579 [main] DbConn - Successfully connected to Database.
[INFO ] 2023-11-17 20:46:58.044 [main] DbConn - Successfully connected to Database.
[INFO ] 2023-11-17 20:49:34.781 [main] DbConn - Successfully connected to Database.
[INFO ] 2023-11-17 20:50:08.405 [main] DbConn - Successfully connected to Database.
[INFO ] 2023-11-17 20:55:53.808 [main] DbConn - Successfully connected to Database.
[INFO ] 2023-11-17 20:57:27.690 [main] DbConn - Successfully connected to Database.
[INFO ] 2023-11-17 20:58:06.286 [main] DbConn - Successfully connected to Database.
[INFO ] 2023-11-17 21:43:27.653 [main] DbConn - Successfully connected to Database.
[TRACE] 2023-11-17 21:48:31.050 [main] ClientDriver - Client application started
[TRACE] 2023-11-17 21:51:18.674 [main] ClientDriver - Client application started
[INFO ] 2023-11-17 21:52:00.883 [AWT-EventQueue-0] DbConn - Successfully connected to Database.
[INFO ] 2023-11-17 21:54:25.650 [main] DbConn - Successfully connected to Database.
[INFO ] 2023-11-17 21:56:14.417 [main] DbConn - Successfully connected to Database.
[TRACE] 2023-11-17 22:02:19.189 [main] ClientDriver - Client application started
[INFO ] 2023-11-17 22:02:37.694 [main] DbConn - Successfully connected to Database.
[INFO ] 2023-11-17 22:04:14.234 [main] DbConn - Successfully connected to Database.
[INFO ] 2023-11-17 22:06:15.478 [main] DbConn - Successfully connected to Database.
[TRACE] 2023-11-17 22:08:06.144 [main] ClientDriver - Client application started
[INFO ] 2023-11-17 22:08:26.360 [AWT-EventQueue-0] DbConn - Successfully connected to Database.
[TRACE] 2023-11-17 22:13:10.244 [main] ClientDriver - Client application started
[INFO ] 2023-11-17 22:13:37.139 [AWT-EventQueue-0] DbConn - Successfully connected to Database.
[TRACE] 2023-11-17 22:16:26.638 [main] ClientDriver - Client application started
[TRACE] 2023-11-17 22:18:25.028 [main] ClientDriver - Client application started
[INFO ] 2023-11-17 23:01:17.176 [main] DbConn - Successfully connected to Database.
[INFO ] 2023-11-17 23:04:18.190 [main] DbConn - Successfully connected to Database.
[INFO ] 2023-11-17 23:28:51.663 [main] DbConn - Successfully connected to Database.
[INFO ] 2023-11-17 23:59:55.390 [main] DbConn - Successfully connected to Database.
[INFO ] 2023-11-18 00:01:47.006 [main] DbConn - Successfully connected to Database.
[INFO ] 2023-11-18 00:02:00.220 [main] DbConn - Successfully connected to Database.
[INFO ] 2023-11-18 00:27:31.912 [main] DbConn - Successfully connected to Database.
[INFO ] 2023-11-18 00:29:07.455 [main] DbConn - Successfully connected to Database.
[INFO ] 2023-11-18 00:31:09.414 [main] DbConn - Successfully connected to Database.
[INFO ] 2023-11-18 00:43:44.503 [main] DbConn - Successfully connected to Database.
[INFO ] 2023-11-18 00:43:57.104 [main] DbConn - Successfully connected to Database.
[INFO ] 2023-11-18 00:45:29.625 [main] DbConn - Successfully connected to Database.
[INFO ] 2023-11-18 00:48:47.919 [main] DbConn - Successfully connected to Database.
[INFO ] 2023-11-18 00:56:11.329 [main] DbConn - Successfully connected to Database.
[INFO ] 2023-11-18 00:58:28.053 [main] DbConn - Successfully connected to Database.
[INFO ] 2023-11-18 00:58:55.550 [main] DbConn - Successfully connected to Database.
[INFO ] 2023-11-18 01:02:53.046 [main] DbConn - Successfully connected to Database.
[INFO ] 2023-11-18 01:05:47.041 [main] DbConn - Successfully connected to Database.
[INFO ] 2023-11-18 01:09:53.522 [main] DbConn - Successfully connected to Database.
[INFO ] 2023-11-18 01:11:39.611 [main] DbConn - Successfully connected to Database.
[INFO ] 2023-11-18 01:12:10.610 [main] DbConn - Successfully connected to Database.
[INFO ] 2023-11-18 01:19:16.319 [main] DbConn - Successfully connected to Database.
[INFO ] 2023-11-18 01:21:11.768 [main] DbConn - Successfully connected to Database.
[INFO ] 2023-11-18 01:22:13.982 [main] DbConn - Successfully connected to Database.
[INFO ] 2023-11-18 01:27:29.447 [main] DbConn - Successfully connected to Database.
[INFO ] 2023-11-18 01:28:28.600 [main] DbConn - Successfully connected to Database.
[INFO ] 2023-11-18 01:29:09.361 [main] DbConn - Successfully connected to Database.
[INFO ] 2023-11-18 01:29:35.577 [main] DbConn - Successfully connected to Database.
[INFO ] 2023-11-18 01:29:49.046 [main] DbConn - Successfully connected to Database.
[INFO ] 2023-11-18 01:30:00.762 [main] DbConn - Successfully connected to Database.
[INFO ] 2023-11-18 01:30:12.851 [main] DbConn - Successfully connected to Database.
[INFO ] 2023-11-18 01:35:24.036 [main] DbConn - Successfully connected to Database.
[INFO ] 2023-11-18 01:37:06.127 [main] DbConn - Successfully connected to Database.
[INFO ] 2023-11-18 01:38:57.464 [main] DbConn - Successfully connected to Database.
[INFO ] 2023-11-18 01:39:32.867 [main] DbConn - Successfully connected to Database.
[INFO ] 2023-11-18 01:39:53.146 [main] DbConn - Successfully connected to Database.
[INFO ] 2023-11-18 01:41:18.603 [main] DbConn - Successfully connected to Database.
[INFO ] 2023-11-18 01:44:12.669 [main] DbConn - Successfully connected to Database.
[INFO ] 2023-11-18 01:52:33.076 [main] DbConn - Successfully connected to Database.
[INFO ] 2023-11-18 01:53:28.717 [main] DbConn - Successfully connected to Database.
[INFO ] 2023-11-18 01:55:29.589 [main] DbConn - Successfully connected to Database.
[INFO ] 2023-11-18 01:56:13.683 [main] DbConn - Successfully connected to Database.
[INFO ] 2023-11-18 02:00:28.428 [main] DbConn - Successfully connected to Database.
[INFO ] 2023-11-18 02:03:01.935 [main] DbConn - Successfully connected to Database.
[INFO ] 2023-11-18 02:05:19.827 [main] DbConn - Successfully connected to Database.
[INFO ] 2023-11-18 02:05:44.645 [main] DbConn - Successfully connected to Database.
[INFO ] 2023-11-18 02:06:36.419 [main] DbConn - Successfully connected to Database.
[INFO ] 2023-11-18 02:08:22.236 [main] DbConn - Successfully connected to Database.
[TRACE] 2023-11-18 02:13:56.136 [main] ClientDriver - Client application started
[INFO ] 2023-11-18 02:14:10.093 [AWT-EventQueue-0] DbConn - Successfully connected to Database.
[INFO ] 2023-11-18 02:15:23.468 [main] DbConn - Successfully connected to Database.
[INFO ] 2023-11-18 02:18:49.727 [main] DbConn - Successfully connected to Database.
[TRACE] 2023-11-18 02:18:54.846 [main] ClientDriver - Client application started
[INFO ] 2023-11-18 02:19:16.118 [AWT-EventQueue-0] DbConn - Successfully connected to Database.
[TRACE] 2023-11-18 02:21:41.704 [main] ClientDriver - Client application started
[INFO ] 2023-11-18 02:22:00.931 [AWT-EventQueue-0] DbConn - Successfully connected to Database.
[INFO ] 2023-11-18 02:28:36.773 [main] DbConn - Successfully connected to Database.
[INFO ] 2023-11-18 02:29:44.139 [main] DbConn - Successfully connected to Database.
[INFO ] 2023-11-18 02:34:16.347 [main] DbConn - Successfully connected to Database.
[INFO ] 2023-11-18 02:41:15.951 [main] DbConn - Successfully connected to Database.
[INFO ] 2023-11-18 02:42:36.680 [main] DbConn - Successfully connected to Database.
[INFO ] 2023-11-18 02:43:03.388 [main] DbConn - Successfully connected to Database.
[INFO ] 2023-11-18 02:43:20.985 [main] DbConn - Successfully connected to Database.
[INFO ] 2023-11-18 03:09:01.692 [main] DbConn - Successfully connected to Database.
[INFO ] 2023-11-18 03:09:23.807 [main] DbConn - Successfully connected to Database.
[INFO ] 2023-11-18 03:09:41.430 [main] DbConn - Successfully connected to Database.
[INFO ] 2023-11-18 03:17:51.916 [main] DbConn - Successfully connected to Database.
[INFO ] 2023-11-18 03:41:46.555 [main] DbConn - Successfully connected to Database.
[INFO ] 2023-11-18 03:42:12.139 [main] DbConn - Successfully connected to Database.
[INFO ] 2023-11-18 03:42:53.718 [main] DbConn - Successfully connected to Database.
[INFO ] 2023-11-18 03:43:37.564 [main] DbConn - Successfully connected to Database.
[INFO ] 2023-11-18 04:00:58.654 [main] DbConn - Successfully connected to Database.
[INFO ] 2023-11-18 04:16:58.300 [main] DbConn - Successfully connected to Database.
[INFO ] 2023-11-18 04:23:34.665 [main] DbConn - Successfully connected to Database.
[INFO ] 2023-11-18 04:23:43.432 [main] DbConn - Successfully connected to Database.
[INFO ] 2023-11-18 04:25:11.385 [main] DbConn - Successfully connected to Database.
[INFO ] 2023-11-18 04:25:57.465 [main] DbConn - Successfully connected to Database.
[INFO ] 2023-11-18 04:26:35.561 [main] DbConn - Successfully connected to Database.
[INFO ] 2023-11-18 04:28:07.201 [main] DbConn - Successfully connected to Database.
